# JRE version: OpenJDK Runtime Environment (8.0_152-b01) (build 1.8.0_152-release-1024-b01)
# Java VM: OpenJDK 64-Bit Server VM (25.152-b01 mixed mode linux-amd64 compressed oops)
Heap:
 PSYoungGen      total 272896K, used 153092K [0x00000000e0000000, 0x00000000f5b00000, 0x0000000100000000)
  eden space 253440K, 52% used [0x00000000e0000000,0x00000000e8282f28,0x00000000ef780000)
  from space 19456K, 99% used [0x00000000f1a00000,0x00000000f2cfe318,0x00000000f2d00000)
  to   space 35328K, 0% used [0x00000000ef780000,0x00000000ef780000,0x00000000f1a00000)
 ParOldGen       total 129536K, used 72908K [0x00000000a0000000, 0x00000000a7e80000, 0x00000000e0000000)
  object space 129536K, 56% used [0x00000000a0000000,0x00000000a47331c0,0x00000000a7e80000)
 Metaspace       used 88101K, capacity 91515K, committed 91608K, reserved 1128448K
  class space    used 11230K, capacity 12029K, committed 12032K, reserved 1048576K
GC Heap History (10 events):
Event: 264,465 GC heap before
{Heap before GC invocations=17 (full 3):
 PSYoungGen      total 269824K, used 260445K [0x00000000e0000000, 0x00000000f4800000, 0x0000000100000000)
  eden space 243200K, 100% used [0x00000000e0000000,0x00000000eed80000,0x00000000eed80000)
  from space 26624K, 64% used [0x00000000eed80000,0x00000000efe575a0,0x00000000f0780000)
  to   space 27136K, 0% used [0x00000000f2d80000,0x00000000f2d80000,0x00000000f4800000)
 ParOldGen       total 129536K, used 54462K [0x00000000a0000000, 0x00000000a7e80000, 0x00000000e0000000)
  object space 129536K, 42% used [0x00000000a0000000,0x00000000a352fac0,0x00000000a7e80000)
 Metaspace       used 78874K, capacity 81925K, committed 82008K, reserved 1120256K
  class space    used 10205K, capacity 10874K, committed 10880K, reserved 1048576K
Event: 264,611 GC heap after
Heap after GC invocations=17 (full 3):
 PSYoungGen      total 309248K, used 14032K [0x00000000e0000000, 0x00000000f4780000, 0x0000000100000000)
  eden space 282624K, 0% used [0x00000000e0000000,0x00000000e0000000,0x00000000f1400000)
  from space 26624K, 52% used [0x00000000f2d80000,0x00000000f3b342f8,0x00000000f4780000)
  to   space 26112K, 0% used [0x00000000f1400000,0x00000000f1400000,0x00000000f2d80000)
 ParOldGen       total 129536K, used 54470K [0x00000000a0000000, 0x00000000a7e80000, 0x00000000e0000000)
  object space 129536K, 42% used [0x00000000a0000000,0x00000000a3531ac0,0x00000000a7e80000)
 Metaspace       used 78874K, capacity 81925K, committed 82008K, reserved 1120256K
  class space    used 10205K, capacity 10874K, committed 10880K, reserved 1048576K
}
Event: 2676,340 GC heap before
{Heap before GC invocations=18 (full 3):
 PSYoungGen      total 309248K, used 296656K [0x00000000e0000000, 0x00000000f4780000, 0x0000000100000000)
  eden space 282624K, 100% used [0x00000000e0000000,0x00000000f1400000,0x00000000f1400000)
  from space 26624K, 52% used [0x00000000f2d80000,0x00000000f3b342f8,0x00000000f4780000)
  to   space 26112K, 0% used [0x00000000f1400000,0x00000000f1400000,0x00000000f2d80000)
 ParOldGen       total 129536K, used 54470K [0x00000000a0000000, 0x00000000a7e80000, 0x00000000e0000000)
  object space 129536K, 42% used [0x00000000a0000000,0x00000000a3531ac0,0x00000000a7e80000)
 Metaspace       used 79562K, capacity 82693K, committed 82904K, reserved 1122304K
  class space    used 10247K, capacity 10946K, committed 11008K, reserved 1048576K
Event: 2676,394 GC heap after
Heap after GC invocations=18 (full 3):
 PSYoungGen      total 291328K, used 19442K [0x00000000e0000000, 0x00000000f3e80000, 0x0000000100000000)
  eden space 271872K, 0% used [0x00000000e0000000,0x00000000e0000000,0x00000000f0980000)
  from space 19456K, 99% used [0x00000000f1400000,0x00000000f26fca78,0x00000000f2700000)
  to   space 24064K, 0% used [0x00000000f2700000,0x00000000f2700000,0x00000000f3e80000)
 ParOldGen       total 129536K, used 54478K [0x00000000a0000000, 0x00000000a7e80000, 0x00000000e0000000)
  object space 129536K, 42% used [0x00000000a0000000,0x00000000a3533ac0,0x00000000a7e80000)
 Metaspace       used 79562K, capacity 82693K, committed 82904K, reserved 1122304K
  class space    used 10247K, capacity 10946K, committed 11008K, reserved 1048576K
}
Event: 2697,552 GC heap before
{Heap before GC invocations=19 (full 3):
 PSYoungGen      total 291328K, used 291314K [0x00000000e0000000, 0x00000000f3e80000, 0x0000000100000000)
  eden space 271872K, 100% used [0x00000000e0000000,0x00000000f0980000,0x00000000f0980000)
  from space 19456K, 99% used [0x00000000f1400000,0x00000000f26fca78,0x00000000f2700000)
  to   space 24064K, 0% used [0x00000000f2700000,0x00000000f2700000,0x00000000f3e80000)
 ParOldGen       total 129536K, used 54478K [0x00000000a0000000, 0x00000000a7e80000, 0x00000000e0000000)
  object space 129536K, 42% used [0x00000000a0000000,0x00000000a3533ac0,0x00000000a7e80000)
 Metaspace       used 81656K, capacity 84935K, committed 84952K, reserved 1122304K
  class space    used 10544K, capacity 11263K, committed 11264K, reserved 1048576K
Event: 2697,605 GC heap after
Heap after GC invocations=19 (full 3):
 PSYoungGen      total 275456K, used 13652K [0x00000000e0000000, 0x00000000f3480000, 0x0000000100000000)
  eden space 261632K, 0% used [0x00000000e0000000,0x00000000e0000000,0x00000000eff80000)
  from space 13824K, 98% used [0x00000000f2700000,0x00000000f34551f8,0x00000000f3480000)
  to   space 25600K, 0% used [0x00000000f0280000,0x00000000f0280000,0x00000000f1b80000)
 ParOldGen       total 129536K, used 54486K [0x00000000a0000000, 0x00000000a7e80000, 0x00000000e0000000)
  object space 129536K, 42% used [0x00000000a0000000,0x00000000a3535ac0,0x00000000a7e80000)
 Metaspace       used 81656K, capacity 84935K, committed 84952K, reserved 1122304K
  class space    used 10544K, capacity 11263K, committed 11264K, reserved 1048576K
}
Event: 2705,180 GC heap before
{Heap before GC invocations=20 (full 3):
 PSYoungGen      total 275456K, used 275284K [0x00000000e0000000, 0x00000000f3480000, 0x0000000100000000)
  eden space 261632K, 100% used [0x00000000e0000000,0x00000000eff80000,0x00000000eff80000)
  from space 13824K, 98% used [0x00000000f2700000,0x00000000f34551f8,0x00000000f3480000)
  to   space 25600K, 0% used [0x00000000f0280000,0x00000000f0280000,0x00000000f1b80000)
 ParOldGen       total 129536K, used 54486K [0x00000000a0000000, 0x00000000a7e80000, 0x00000000e0000000)
  object space 129536K, 42% used [0x00000000a0000000,0x00000000a3535ac0,0x00000000a7e80000)
 Metaspace       used 86982K, capacity 90247K, committed 90456K, reserved 1128448K
  class space    used 11138K, capacity 11903K, committed 11904K, reserved 1048576K
Event: 2705,327 GC heap after
Heap after GC invocations=20 (full 3):
 PSYoungGen      total 275968K, used 23655K [0x00000000e0000000, 0x00000000f2d00000, 0x0000000100000000)
  eden space 251904K, 0% used [0x00000000e0000000,0x00000000e0000000,0x00000000ef600000)
  from space 24064K, 98% used [0x00000000f0280000,0x00000000f1999f28,0x00000000f1a00000)
  to   space 19456K, 0% used [0x00000000f1a00000,0x00000000f1a00000,0x00000000f2d00000)
 ParOldGen       total 129536K, used 54494K [0x00000000a0000000, 0x00000000a7e80000, 0x00000000e0000000)
  object space 129536K, 42% used [0x00000000a0000000,0x00000000a3537ac0,0x00000000a7e80000)
 Metaspace       used 86982K, capacity 90247K, committed 90456K, reserved 1128448K
  class space    used 11138K, capacity 11903K, committed 11904K, reserved 1048576K
}
Event: 2710,091 GC heap before
{Heap before GC invocations=21 (full 3):
 PSYoungGen      total 275968K, used 275559K [0x00000000e0000000, 0x00000000f2d00000, 0x0000000100000000)
  eden space 251904K, 100% used [0x00000000e0000000,0x00000000ef600000,0x00000000ef600000)
  from space 24064K, 98% used [0x00000000f0280000,0x00000000f1999f28,0x00000000f1a00000)
  to   space 19456K, 0% used [0x00000000f1a00000,0x00000000f1a00000,0x00000000f2d00000)
 ParOldGen       total 129536K, used 54494K [0x00000000a0000000, 0x00000000a7e80000, 0x00000000e0000000)
  object space 129536K, 42% used [0x00000000a0000000,0x00000000a3537ac0,0x00000000a7e80000)
 Metaspace       used 87570K, capacity 90875K, committed 91096K, reserved 1128448K
  class space    used 11183K, capacity 11977K, committed 12032K, reserved 1048576K
Event: 2710,176 GC heap after
Heap after GC invocations=21 (full 3):
 PSYoungGen      total 272896K, used 19448K [0x00000000e0000000, 0x00000000f5b00000, 0x0000000100000000)
  eden space 253440K, 0% used [0x00000000e0000000,0x00000000e0000000,0x00000000ef780000)
  from space 19456K, 99% used [0x00000000f1a00000,0x00000000f2cfe318,0x00000000f2d00000)
  to   space 35328K, 0% used [0x00000000ef780000,0x00000000ef780000,0x00000000f1a00000)
 ParOldGen       total 129536K, used 72908K [0x00000000a0000000, 0x00000000a7e80000, 0x00000000e0000000)
  object space 129536K, 56% used [0x00000000a0000000,0x00000000a47331c0,0x00000000a7e80000)
 Metaspace       used 87570K, capacity 90875K, committed 91096K, reserved 1128448K
  class space    used 11183K, capacity 11977K, committed 12032K, reserved 1048576K
}

